args: 
 -k : 16
 -d : 16
 -i : input/random-n2048-d16-c16.txt
 -m : 150
 -t : 1e-12
 -c : 0
 -s : 1
########### Initial Centroids
0.874991 0.568373 0.413948 0.402189 0.701355 0.418074 0.662415 0.0466688 0.445346 0.259448 0.157488 0.527236 0.487556 0.561555 0.755892 0.884159 
0.717541 0.00226492 0.822787 0.528383 0.0978914 0.118868 0.649325 0.873651 0.280018 0.978375 0.100524 0.853676 0.396968 0.0811618 0.27464 0.45274 
0.843907 0.758019 0.420509 0.259082 0.511213 0.404993 0.783539 0.303226 0.476479 0.583815 0.908226 0.504452 0.281788 0.756098 0.618523 0.250355 
0.12411 0.210544 0.80064 0.937247 0.0226401 0.425642 0.101386 0.259929 0.220511 0.646874 0.350335 0.180068 0.503769 0.0392905 0.100908 0.987919 
0.793096 0.0826607 0.612517 0.486683 0.629842 0.84516 0.242883 0.731596 0.117439 0.220347 0.794451 0.332385 0.81571 0.100374 0.146093 0.697522 
0.471077 0.4102 0.569181 0.509135 0.311308 0.357757 0.837689 0.250624 0.560385 0.0122286 0.741673 0.335996 0.0457817 0.280942 0.240108 0.953412 
0.352117 0.287737 0.35881 0.947169 0.633776 0.621641 0.715718 0.387743 0.414136 0.650758 0.0014483 0.191969 0.334521 0.239143 0.637479 0.378586 
0.238714 0.967851 0.803109 0.448103 0.0807034 0.319862 0.507753 0.932558 0.108918 0.551665 0.707096 0.547138 0.813988 0.540026 0.964151 0.603219 
0.494162 0.312093 0.46657 0.808949 0.874794 0.812231 0.188227 1.00011 0.633374 0.0833307 0.725933 0.98677 0.401379 0.678658 0.316408 0.213732 
0.0455966 0.57393 0.910499 0.534156 0.680529 0.0266318 0.634973 0.606362 0.576168 0.391221 0.370023 0.980247 0.036568 0.0215656 0.96107 0.185241 
0.199312 0.359229 0.731538 0.83818 0.918477 0.169354 0.672832 0.966596 0.0579378 0.67541 0.845097 0.342409 0.250874 0.59644 0.442418 0.175271 
0.87496 0.568167 0.414449 0.402349 0.701531 0.418134 0.662041 0.0466956 0.445255 0.259304 0.157868 0.527136 0.486887 0.560894 0.75509 0.883462 
0.123757 0.210904 0.800501 0.936781 0.0227198 0.426052 0.101369 0.260233 0.221161 0.646588 0.350301 0.180341 0.503451 0.0397247 0.100943 0.988242 
0.124252 0.210411 0.801467 0.936702 0.022962 0.425789 0.101406 0.259957 0.220783 0.646568 0.350608 0.180133 0.503786 0.0388494 0.100692 0.988164 
0.587655 0.444797 0.596314 0.384795 0.575647 0.290112 0.188909 0.186905 0.612946 0.65693 0.476798 0.0893861 0.757465 0.876994 0.923497 0.842316 
0.123545 0.210656 0.801048 0.937275 0.0225945 0.425357 0.101192 0.259729 0.221101 0.646689 0.350277 0.179771 0.503755 0.0394108 0.100806 0.988373 
ITER = 0
Dist = 0.82558636988836264781 0.0006732363211177072029 0.47623390876294852125 0.00061997550177527154663 0.00085992221215563653496 0.0011490280024641212099 0.00097246761727895025644 0.0011314225004156683047 0.0012306265513893366054 0.00079159249153967672485 0.0012994982080392625257 0.0010268944886470459874 0.0006335222308777309656 0.00070920132662307148672 0.00092970309420290300501 0.00068610921181981002377 
ITER = 1
Dist = 0.52531896849577863762 0 0 8.8753489646195804193e-05 0 0 0 0 0 0 0 0.00024141030864187234856 0.00011511991714835256427 0.00030381117072518525925 0 9.7356222414384863736e-05 
ITER = 2
Dist = 0 0 0 5.8880608345209038516e-05 0 0 0 0 0 0 0 0 8.4791066415724897763e-05 0.00019204093272607875714 0 5.9020115581786045502e-05 
ITER = 3
Dist = 0 0 0 2.6980849134532181293e-05 0 0 0 0 0 0 0 0 5.6631720836109966069e-05 8.6883802824777673561e-05 0 6.0641984435604381898e-05 
ITER = 4
Dist = 0 0 0 1.2297464409109200715e-05 0 0 0 0 0 0 0 0 2.5211458915426116948e-05 3.3404366836120054493e-05 0 2.8867493962756115048e-05 
ITER = 5
Dist = 0 0 0 1.3013123404022283486e-05 0 0 0 0 0 0 0 0 0 0 0 3.2385438912347217963e-05 
ITER = 6
Dist = 0 0 0 1.9053670196721079241e-05 0 0 0 0 0 0 0 0 1.9575554475226303867e-05 2.1233914017050100752e-05 0 0 
ITER = 7
Dist = 0 0 0 0 0 0 0 0 0 0 0 0 0 0 0 0 
