Event Times: 
MEMCPY 0.12208
MEMCPY 0.01344
MEMCPY 0.010336
CLASSIFY 0.815808
UPDATE 0.11456
REDUCE 0.460672
MEMCPY 0.014624
CLASSIFY 0.087808
UPDATE 0.09536
REDUCE 0.420576
MEMCPY 0.017216
CLASSIFY 0.088416
UPDATE 0.096224
REDUCE 0.435424
MEMCPY 0.010656
CLASSIFY 0.085408
UPDATE 0.099872
REDUCE 0.422624
MEMCPY 0.0104
CLASSIFY 0.084352
UPDATE 0.0952
REDUCE 0.421696
MEMCPY 0.010496
CLASSIFY 0.083904
UPDATE 0.095392
REDUCE 0.420352
MEMCPY 0.017632
CLASSIFY 0.08784
UPDATE 0.095232
REDUCE 0.421856
MEMCPY 0.010496
CLASSIFY 0.083936
UPDATE 0.094912
REDUCE 0.42192
MEMCPY 0.011008
MEMCPY 0.010304
MEMCPY 0.010048
Total = 5.89808
